Arguments: 
  /home/aditya/.nvm/versions/node/v18.10.0/bin/node /home/aditya/.nvm/versions/node/v18.10.0/bin/yarn

PATH: 
  /home/aditya/.nvm/versions/node/v18.10.0/bin:/usr/local/sbin:/usr/local/bin:/usr/sbin:/usr/bin:/sbin:/bin:/usr/games:/usr/local/games:/snap/bin:/snap/bin

Yarn version: 
  1.22.19

Node version: 
  18.10.0

Platform: 
  linux x64

Trace: 
  Error: getaddrinfo EAI_AGAIN registry.yarnpkg.com
      at GetAddrInfoReqWrap.onlookup [as oncomplete] (node:dns:107:26)

npm manifest: 
  {
    "name": "react-app",
    "private": true,
    "version": "0.0.0",
    "type": "module",
    "scripts": {
      "dev": "vite",
      "build": "vite build",
      "preview": "vite preview"
    },
    "dependencies": {
      "@stripe/react-stripe-js": "^1.16.4",
      "@stripe/stripe-js": "^1.46.0",
      "@tanstack/react-query": "^5",
      "axios": "^1.3.3",
      "infinite-react-carousel": "^1.2.11",
      "moment": "^2.29.4",
      "react": "^18.2.0",
      "react-dom": "^18.2.0",
      "react-router-dom": "^6.8.0",
      "sass": "^1.58.0"
    },
    "devDependencies": {
      "@types/react": "^18.0.26",
      "@types/react-dom": "^18.0.9",
      "@vitejs/plugin-react": "^3.0.0",
      "eslint": "^8.33.0",
      "eslint-plugin-react": "^7.32.2",
      "vite": "^4.0.0"
    }
  }

yarn manifest: 
  No manifest

Lockfile: 
  No lockfile
